# ds-sim server 6-Mar, 2020 @ MQ
# Server-side simulator started with './ds-server -c ./configs/config_simple1.xml -v brief'
# Waiting for connection to port 50000 of IP address 127.0.0.1
RCVD HELO
SENT OK
RCVD AUTH boi
# Welcome  boi!
# The system information can be read from 'system.xml'
SENT OK
RCVD REDY
SENT JOBN 24 0 1566 1 200 1200
RCVD SCHD 0 large 0
t:         24 job     0 (waiting) on # 0 of server large (booting) SCHEDULED
SENT OK
RCVD REDY
SENT JOBN 77 1 83 1 600 700
RCVD SCHD 1 large 0
t:         77 job     1 (waiting) on # 0 of server large (booting) SCHEDULED
SENT OK
RCVD REDY
SENT JOBN 80 2 5 3 1900 2400
RCVD SCHD 2 large 0
t:         80 job     2 (waiting) on # 0 of server large (booting) SCHEDULED
SENT OK
RCVD REDY
t:         84 job     0 on # 0 of server large RUNNING
t:         84 job     1 on # 0 of server large RUNNING
t:         84 job     2 on # 0 of server large RUNNING
SENT JOBN 84 3 832 2 2100 1300
RCVD SCHD 3 large 0
t:         84 job     3 (running) on # 0 of server large (active) SCHEDULED
t:         84 job     3 on # 0 of server large RUNNING
SENT OK
RCVD REDY
t:         89 job     2 on # 0 of server large COMPLETED
SENT JOBN 124 4 2318 4 4300 2300
RCVD SCHD 4 large 0
t:        124 job     4 (running) on # 0 of server large (active) SCHEDULED
t:        124 job     4 on # 0 of server large RUNNING
SENT OK
RCVD REDY
t:        130 job     1 on # 0 of server large COMPLETED
SENT JOBN 148 5 6 4 4100 6500
RCVD SCHD 5 large 0
t:        148 job     5 (waiting) on # 0 of server large (active) SCHEDULED
SENT OK
RCVD REDY
SENT JOBN 161 6 76 6 5800 11500
RCVD SCHD 6 large 0
t:        161 job     6 (waiting) on # 0 of server large (active) SCHEDULED
SENT OK
RCVD REDY
SENT JOBN 186 7 25 8 1900 11700
RCVD SCHD 7 large 0
t:        186 job     7 (waiting) on # 0 of server large (active) SCHEDULED
SENT OK
RCVD REDY
SENT JOBN 195 8 161754 5 5300 4800
RCVD SCHD 8 large 0
t:        195 job     8 (waiting) on # 0 of server large (active) SCHEDULED
SENT OK
RCVD REDY
SENT JOBN 209 9 477 1 100 800
RCVD SCHD 9 large 0
t:        209 job     9 (waiting) on # 0 of server large (active) SCHEDULED
SENT OK
RCVD REDY
SENT JOBN 214 10 144 7 7300 9300
RCVD SCHD 10 large 0
t:        214 job    10 (waiting) on # 0 of server large (active) SCHEDULED
SENT OK
RCVD REDY
SENT JOBN 217 11 5 2 1700 2200
RCVD SCHD 11 large 0
t:        217 job    11 (waiting) on # 0 of server large (active) SCHEDULED
SENT OK
RCVD REDY
SENT JOBN 226 12 13 5 500 8300
RCVD SCHD 12 large 0
t:        226 job    12 (waiting) on # 0 of server large (active) SCHEDULED
SENT OK
RCVD REDY
SENT JOBN 227 13 1 6 3400 9200
RCVD SCHD 13 large 0
t:        227 job    13 (waiting) on # 0 of server large (active) SCHEDULED
SENT OK
RCVD REDY
SENT JOBN 229 14 3 1 400 2000
RCVD SCHD 14 large 0
t:        229 job    14 (waiting) on # 0 of server large (active) SCHEDULED
SENT OK
RCVD REDY
SENT JOBN 233 15 3 5 2800 6600
RCVD SCHD 15 large 0
t:        233 job    15 (waiting) on # 0 of server large (active) SCHEDULED
SENT OK
RCVD REDY
SENT JOBN 236 16 368 4 1800 1700
RCVD SCHD 16 large 0
t:        236 job    16 (waiting) on # 0 of server large (active) SCHEDULED
SENT OK
RCVD REDY
SENT JOBN 240 17 36028 2 1900 3100
RCVD SCHD 17 large 0
t:        240 job    17 (waiting) on # 0 of server large (active) SCHEDULED
SENT OK
RCVD REDY
SENT JOBN 242 18 298 7 4400 14400
RCVD SCHD 18 large 0
t:        242 job    18 (waiting) on # 0 of server large (active) SCHEDULED
SENT OK
RCVD REDY
SENT JOBN 245 19 17 2 1600 2500
RCVD SCHD 19 large 0
t:        245 job    19 (waiting) on # 0 of server large (active) SCHEDULED
SENT OK
RCVD REDY
SENT JOBN 253 20 68 2 1600 3200
RCVD SCHD 20 large 0
t:        253 job    20 (waiting) on # 0 of server large (active) SCHEDULED
SENT OK
RCVD REDY
SENT JOBN 256 21 55 8 8700 14000
RCVD SCHD 21 large 0
t:        256 job    21 (waiting) on # 0 of server large (active) SCHEDULED
SENT OK
RCVD REDY
SENT JOBN 260 22 99 7 7500 4400
RCVD SCHD 22 large 0
t:        260 job    22 (waiting) on # 0 of server large (active) SCHEDULED
SENT OK
RCVD REDY
SENT JOBN 263 23 8 2 1500 1300
RCVD SCHD 23 large 0
t:        263 job    23 (waiting) on # 0 of server large (active) SCHEDULED
SENT OK
RCVD REDY
SENT JOBN 266 24 359 4 2300 600
RCVD SCHD 24 large 0
t:        266 job    24 (waiting) on # 0 of server large (active) SCHEDULED
SENT OK
RCVD REDY
SENT JOBN 267 25 78302 7 7100 5900
RCVD SCHD 25 large 0
t:        267 job    25 (waiting) on # 0 of server large (active) SCHEDULED
SENT OK
RCVD REDY
SENT JOBN 272 26 142 3 2600 6000
RCVD SCHD 26 large 0
t:        272 job    26 (waiting) on # 0 of server large (active) SCHEDULED
SENT OK
RCVD REDY
SENT JOBN 275 27 17858 3 2600 5500
RCVD SCHD 27 large 0
t:        275 job    27 (waiting) on # 0 of server large (active) SCHEDULED
SENT OK
RCVD REDY
SENT JOBN 279 28 13543 4 2400 8200
RCVD SCHD 28 large 0
t:        279 job    28 (waiting) on # 0 of server large (active) SCHEDULED
SENT OK
RCVD REDY
SENT JOBN 281 29 165 7 6900 2000
RCVD SCHD 29 large 0
t:        281 job    29 (waiting) on # 0 of server large (active) SCHEDULED
SENT OK
RCVD REDY
SENT JOBN 286 30 99705 8 5900 5000
RCVD SCHD 30 large 0
t:        286 job    30 (waiting) on # 0 of server large (active) SCHEDULED
SENT OK
RCVD REDY
SENT JOBN 290 31 6 2 1400 2600
RCVD SCHD 31 large 0
t:        290 job    31 (waiting) on # 0 of server large (active) SCHEDULED
SENT OK
RCVD REDY
SENT JOBN 297 32 856 2 1700 400
RCVD SCHD 32 large 0
t:        297 job    32 (waiting) on # 0 of server large (active) SCHEDULED
SENT OK
RCVD REDY
SENT JOBN 309 33 68823 1 100 200
RCVD SCHD 33 large 0
t:        309 job    33 (waiting) on # 0 of server large (active) SCHEDULED
SENT OK
RCVD REDY
SENT JOBN 321 34 1 1 600 1300
RCVD SCHD 34 large 0
t:        321 job    34 (waiting) on # 0 of server large (active) SCHEDULED
SENT OK
RCVD REDY
SENT JOBN 346 35 3 1 700 1300
RCVD SCHD 35 large 0
t:        346 job    35 (waiting) on # 0 of server large (active) SCHEDULED
SENT OK
RCVD REDY
SENT JOBN 357 36 1909 3 800 6000
RCVD SCHD 36 large 0
t:        357 job    36 (waiting) on # 0 of server large (active) SCHEDULED
SENT OK
RCVD REDY
SENT JOBN 382 37 84 1 100 1700
RCVD SCHD 37 large 0
t:        382 job    37 (waiting) on # 0 of server large (active) SCHEDULED
SENT OK
RCVD REDY
SENT JOBN 393 38 15 1 1000 1700
RCVD SCHD 38 large 0
t:        393 job    38 (waiting) on # 0 of server large (active) SCHEDULED
SENT OK
RCVD REDY
SENT JOBN 409 39 223 1 500 800
RCVD SCHD 39 large 0
t:        409 job    39 (waiting) on # 0 of server large (active) SCHEDULED
SENT OK
RCVD REDY
SENT JOBN 449 40 5 2 300 2900
RCVD SCHD 40 large 0
t:        449 job    40 (waiting) on # 0 of server large (active) SCHEDULED
SENT OK
RCVD REDY
SENT JOBN 464 41 227 6 3700 10900
RCVD SCHD 41 large 0
t:        464 job    41 (waiting) on # 0 of server large (active) SCHEDULED
SENT OK
RCVD REDY
SENT JOBN 501 42 74 1 700 500
RCVD SCHD 42 large 0
t:        501 job    42 (waiting) on # 0 of server large (active) SCHEDULED
SENT OK
RCVD REDY
SENT JOBN 513 43 2 2 600 3300
RCVD SCHD 43 large 0
t:        513 job    43 (waiting) on # 0 of server large (active) SCHEDULED
SENT OK
RCVD REDY
SENT JOBN 553 44 449 1 500 1600
RCVD SCHD 44 large 0
t:        553 job    44 (waiting) on # 0 of server large (active) SCHEDULED
SENT OK
RCVD REDY
SENT JOBN 576 45 894 3 800 5200
RCVD SCHD 45 large 0
t:        576 job    45 (waiting) on # 0 of server large (active) SCHEDULED
SENT OK
RCVD REDY
SENT JOBN 627 46 7 1 700 2000
RCVD SCHD 46 large 0
t:        627 job    46 (waiting) on # 0 of server large (active) SCHEDULED
SENT OK
RCVD REDY
SENT JOBN 641 47 2 1 700 1600
RCVD SCHD 47 large 0
t:        641 job    47 (waiting) on # 0 of server large (active) SCHEDULED
SENT OK
RCVD REDY
SENT JOBN 690 48 3 2 1500 900
RCVD SCHD 48 large 0
t:        690 job    48 (waiting) on # 0 of server large (active) SCHEDULED
SENT OK
RCVD REDY
SENT JOBN 746 49 33264 1 500 500
RCVD SCHD 49 large 0
t:        746 job    49 (waiting) on # 0 of server large (active) SCHEDULED
SENT OK
RCVD REDY
SENT NONE
RCVD QUIT
t:        928 job     0 on # 0 of server large COMPLETED
t:       1317 job     3 on # 0 of server large COMPLETED
t:       1317 job     5 on # 0 of server large RUNNING
t:       1326 job     5 on # 0 of server large COMPLETED
t:       1435 job     4 on # 0 of server large COMPLETED
t:       1435 job     6 on # 0 of server large RUNNING
t:       1528 job     6 on # 0 of server large COMPLETED
t:       1528 job     7 on # 0 of server large RUNNING
t:       2264 job     7 on # 0 of server large COMPLETED
t:       2264 job     8 on # 0 of server large RUNNING
t:       2264 job     9 on # 0 of server large RUNNING
t:       2624 job     9 on # 0 of server large COMPLETED
t:      93558 job     8 on # 0 of server large COMPLETED
t:      93558 job    10 on # 0 of server large RUNNING
t:      93667 job    10 on # 0 of server large COMPLETED
t:      93667 job    11 on # 0 of server large RUNNING
t:      93667 job    12 on # 0 of server large RUNNING
t:      93670 job    11 on # 0 of server large COMPLETED
t:      93683 job    12 on # 0 of server large COMPLETED
t:      93683 job    13 on # 0 of server large RUNNING
t:      93683 job    14 on # 0 of server large RUNNING
t:      93684 job    13 on # 0 of server large COMPLETED
t:      93684 job    15 on # 0 of server large RUNNING
t:      93687 job    15 on # 0 of server large COMPLETED
t:      93687 job    16 on # 0 of server large RUNNING
t:      93687 job    17 on # 0 of server large RUNNING
t:      93688 job    14 on # 0 of server large COMPLETED
t:      94615 job    16 on # 0 of server large COMPLETED
t:     117700 job    17 on # 0 of server large COMPLETED
t:     117700 job    18 on # 0 of server large RUNNING
t:     117908 job    18 on # 0 of server large COMPLETED
t:     117908 job    19 on # 0 of server large RUNNING
t:     117908 job    20 on # 0 of server large RUNNING
t:     118008 job    20 on # 0 of server large COMPLETED
t:     118149 job    19 on # 0 of server large COMPLETED
t:     118149 job    21 on # 0 of server large RUNNING
t:     118301 job    21 on # 0 of server large COMPLETED
t:     118301 job    22 on # 0 of server large RUNNING
t:     118468 job    22 on # 0 of server large COMPLETED
t:     118468 job    23 on # 0 of server large RUNNING
t:     118468 job    24 on # 0 of server large RUNNING
t:     118473 job    23 on # 0 of server large COMPLETED
t:     118654 job    24 on # 0 of server large COMPLETED
t:     118654 job    25 on # 0 of server large RUNNING
t:     217011 job    25 on # 0 of server large COMPLETED
t:     217011 job    26 on # 0 of server large RUNNING
t:     217011 job    27 on # 0 of server large RUNNING
t:     217097 job    26 on # 0 of server large COMPLETED
t:     217097 job    28 on # 0 of server large RUNNING
t:     230765 job    28 on # 0 of server large COMPLETED
t:     235553 job    27 on # 0 of server large COMPLETED
t:     235553 job    29 on # 0 of server large RUNNING
t:     235683 job    29 on # 0 of server large COMPLETED
t:     235683 job    30 on # 0 of server large RUNNING
t:     323886 job    30 on # 0 of server large COMPLETED
t:     323886 job    31 on # 0 of server large RUNNING
t:     323886 job    32 on # 0 of server large RUNNING
t:     323886 job    33 on # 0 of server large RUNNING
t:     323886 job    34 on # 0 of server large RUNNING
t:     323886 job    35 on # 0 of server large RUNNING
t:     323889 job    35 on # 0 of server large COMPLETED
t:     323891 job    34 on # 0 of server large COMPLETED
t:     323891 job    36 on # 0 of server large RUNNING
t:     323893 job    31 on # 0 of server large COMPLETED
t:     323893 job    37 on # 0 of server large RUNNING
t:     323893 job    38 on # 0 of server large RUNNING
t:     323901 job    38 on # 0 of server large COMPLETED
t:     323901 job    39 on # 0 of server large RUNNING
t:     324030 job    37 on # 0 of server large COMPLETED
t:     324032 job    39 on # 0 of server large COMPLETED
t:     324032 job    40 on # 0 of server large RUNNING
t:     324040 job    40 on # 0 of server large COMPLETED
t:     324862 job    32 on # 0 of server large COMPLETED
t:     325537 job    36 on # 0 of server large COMPLETED
t:     325537 job    41 on # 0 of server large RUNNING
t:     325537 job    42 on # 0 of server large RUNNING
t:     325600 job    42 on # 0 of server large COMPLETED
t:     325665 job    41 on # 0 of server large COMPLETED
t:     325665 job    43 on # 0 of server large RUNNING
t:     325665 job    44 on # 0 of server large RUNNING
t:     325665 job    45 on # 0 of server large RUNNING
t:     325665 job    46 on # 0 of server large RUNNING
t:     325669 job    46 on # 0 of server large COMPLETED
t:     325669 job    47 on # 0 of server large RUNNING
t:     325671 job    47 on # 0 of server large COMPLETED
t:     325673 job    43 on # 0 of server large COMPLETED
t:     325673 job    48 on # 0 of server large RUNNING
t:     325673 job    49 on # 0 of server large RUNNING
t:     325676 job    48 on # 0 of server large COMPLETED
t:     325921 job    44 on # 0 of server large COMPLETED
t:     326774 job    45 on # 0 of server large COMPLETED
t:     353074 job    49 on # 0 of server large COMPLETED
t:     417606 job    33 on # 0 of server large COMPLETED
SENT QUIT
# ---------------------------------------------------------------------------
# 0 tiny servers used with a utilisation of 0.00 at the cost of $0.00
# 0 small servers used with a utilisation of 0.00 at the cost of $0.00
# 0 medium servers used with a utilisation of 0.00 at the cost of $0.00
# 1 large servers used with a utilisation of 100.00 at the cost of $92.78
# =============================== [ Overall ] ===============================
# actual simulation end time: 417606
# total #servers used: 1, avg utilisation: 100.00 and total cost: $92.78
# avg waiting time: 176095, avg exec time: 9150 and avg turnaround time: 185245
